
=== Mon Dec 17 09:33:06 2018

Packages were changed.
Update Mode: updateDependencies

The following packages were added:
  com.unity.collab-proxy@1.2.15
The following packages were updated:
  com.unity.ads from version 2.0.8 to 2.3.1
  com.unity.analytics from version 2.0.16 to 3.2.2
  com.unity.package-manager-ui from version 1.9.11 to 2.0.3
  com.unity.postprocessing from version 2.0.13-preview to 2.0.15-preview
  com.unity.render-pipelines.core from version 3.0.0-preview to 4.1.0-preview
  com.unity.render-pipelines.high-definition from version 3.0.0-preview to 4.1.0-preview
  com.unity.render-pipelines.lightweight from version 3.0.0-preview to 4.1.0-preview
  com.unity.shadergraph from version 3.0.0-preview to 4.1.0-preview
  com.unity.textmeshpro from version 1.2.4 to 1.3.0

=== Mon Feb 18 08:50:37 2019

Packages were changed.
Update Mode: updateDependencies

The following packages were added:
  com.unity.timeline@1.0.0
  com.unity.xr.legacyinputhelpers@1.0.0
The following packages were updated:
  com.unity.package-manager-ui from version 2.0.3 to 2.1.1
  com.unity.postprocessing from version 2.0.15-preview to 2.1.2
  com.unity.render-pipelines.core from version 4.1.0-preview to 5.2.3
  com.unity.render-pipelines.high-definition from version 4.1.0-preview to 5.2.3-preview
  com.unity.render-pipelines.lightweight from version 4.1.0-preview to 5.2.3
  com.unity.shadergraph from version 4.1.0-preview to 5.2.3

=== Thu Jun 27 11:32:56 2019

Packages were changed.
Update Mode: updateDependencies

The following packages were added:
  com.unity.2d.tilemap@1.0.0
  com.unity.2d.sprite@1.0.0
  com.unity.ide.vscode@1.0.7
  com.unity.ide.visualstudio@1.0.11
  com.unity.ide.rider@1.0.8
  com.unity.ugui@1.0.0
The following packages were updated:
  com.unity.analytics from version 3.2.2 to 3.3.2
  com.unity.collab-proxy from version 1.2.15 to 1.2.16
  com.unity.package-manager-ui from version 2.1.1 to 2.2.0
  com.unity.purchasing from version 2.0.3 to 2.0.6
  com.unity.render-pipelines.core from version 5.2.3 to 6.5.2
  com.unity.render-pipelines.high-definition from version 5.2.3-preview to 6.5.2-preview
  com.unity.render-pipelines.lightweight from version 5.2.3 to 6.5.2
  com.unity.shadergraph from version 5.2.3 to 6.5.2
  com.unity.textmeshpro from version 1.3.0 to 2.0.1
  com.unity.timeline from version 1.0.0 to 1.1.0
  com.unity.xr.legacyinputhelpers from version 1.0.0 to 2.0.2
